<?xml version="1.0" encoding="UTF-8"?>
<!-- Generated by org.testng.reporters.JUnitReportReporter -->
<testsuite hostname="DESKTOP-61KOCTR" failures="0" tests="1" name="testscript.Youtube" time="9.951" errors="0" timestamp="2022-10-29T14:29:23 IST" skipped="0">
  <testcase classname="testscript.Youtube" name="searchsce" time="9.951"/>
  <system-out/>
</testsuite> <!-- testscript.Youtube -->
