<?xml version="1.0" encoding="UTF-8"?>
<!-- Generated by org.testng.reporters.JUnitReportReporter -->
<testsuite hostname="DESKTOP-61KOCTR" failures="0" tests="1" name="testscript.IccTeams" time="12.795" errors="0" timestamp="2022-10-17T22:16:18 IST" skipped="0">
  <testcase classname="testscript.IccTeams" name="team" time="12.795"/>
  <system-out/>
</testsuite> <!-- testscript.IccTeams -->
