<?xml version="1.0" encoding="UTF-8"?>
<!-- Generated by org.testng.reporters.JUnitReportReporter -->
<testsuite hostname="DESKTOP-61KOCTR" failures="0" tests="1" name="testscript.MicTest" time="9.556" errors="0" timestamp="2022-10-18T16:44:56 IST" skipped="0">
  <testcase classname="testscript.MicTest" name="mictestint123" time="9.556"/>
  <system-out/>
</testsuite> <!-- testscript.MicTest -->
