<?xml version="1.0" encoding="UTF-8"?>
<!-- Generated by org.testng.reporters.JUnitReportReporter -->
<testsuite hostname="DESKTOP-61KOCTR" failures="0" tests="1" name="testscript.Makemytrip" time="20.442" errors="0" timestamp="2022-10-20T12:36:27 IST" skipped="0">
  <testcase classname="testscript.Makemytrip" name="mamemytriponline" time="20.442"/>
  <system-out/>
</testsuite> <!-- testscript.Makemytrip -->
