<?xml version="1.0" encoding="UTF-8"?>
<!-- Generated by org.testng.reporters.JUnitReportReporter -->
<testsuite hostname="DESKTOP-61KOCTR" failures="0" tests="1" name="testscript.GoogleSearch" time="38.999" errors="0" timestamp="2022-10-18T13:30:09 IST" skipped="0">
  <testcase classname="testscript.GoogleSearch" name="searchname" time="38.999"/>
  <system-out/>
</testsuite> <!-- testscript.GoogleSearch -->
