<?xml version="1.0" encoding="UTF-8"?>
<!-- Generated by org.testng.reporters.JUnitReportReporter -->
<testsuite hostname="DESKTOP-61KOCTR" failures="0" tests="1" name="testscript.IccRankingDropDown" time="53.322" errors="0" timestamp="2022-10-18T16:37:43 IST" skipped="0">
  <testcase classname="testscript.IccRankingDropDown" name="IccCricket" time="53.322"/>
  <system-out/>
</testsuite> <!-- testscript.IccRankingDropDown -->
