<?xml version="1.0" encoding="UTF-8"?>
<!-- Generated by org.testng.reporters.JUnitReportReporter -->
<testsuite hostname="DESKTOP-61KOCTR" failures="0" tests="1" name="testscript.IRCTC" time="23.699" errors="0" timestamp="2022-12-04T15:38:24 IST" skipped="0">
  <testcase classname="testscript.IRCTC" name="traln" time="23.699"/>
  <system-out/>
</testsuite> <!-- testscript.IRCTC -->
