<?xml version="1.0" encoding="UTF-8"?>
<!-- Generated by org.testng.reporters.JUnitReportReporter -->
<testsuite hostname="DESKTOP-61KOCTR" failures="0" tests="1" name="testscript.Flipcart" time="32.964" errors="0" timestamp="2022-10-18T08:09:08 IST" skipped="0">
  <testcase classname="testscript.Flipcart" name="main" time="32.964"/>
  <system-out/>
</testsuite> <!-- testscript.Flipcart -->
